<?xml version="1.0" encoding="UTF-8"?>
<!-- Generated by org.testng.reporters.JUnitReportReporter -->
<testsuite hostname="DESKTOP-H3SNJHA" failures="0" tests="5" name="com.demo.shop.SymbionShopDemo" time="113.575" errors="0" timestamp="2021-04-19T17:13:50 IST" skipped="4">
  <testcase classname="com.demo.shop.SymbionShopDemo" name="order_reference" time="113.575"/>
  <system-out/>
  <testcase classname="com.demo.shop.SymbionShopDemo" name="view_and_placeorder">
    <skipped/>
  </testcase> <!-- view_and_placeorder -->
  <system-out/>
  <testcase classname="com.demo.shop.SymbionShopDemo" name="adding_products_to_cart">
    <skipped/>
  </testcase> <!-- adding_products_to_cart -->
  <system-out/>
  <testcase classname="com.demo.shop.SymbionShopDemo" name="product_Search">
    <skipped/>
  </testcase> <!-- product_Search -->
  <system-out/>
  <testcase classname="com.demo.shop.SymbionShopDemo" name="login">
    <skipped/>
  </testcase> <!-- login -->
  <system-out/>
</testsuite> <!-- com.demo.shop.SymbionShopDemo -->
